<?xml version="1.0" encoding="UTF-8"?>
<testng-results ignored="0" total="1" passed="1" failed="0" skipped="0">
  <reporter-output>
  </reporter-output>
  <suite started-at="2019-12-13T10:33:32 EST" name="Default suite" finished-at="2019-12-13T10:33:34 EST" duration-ms="2032">
    <groups>
    </groups>
    <test started-at="2019-12-13T10:33:32 EST" name="Default test" finished-at="2019-12-13T10:33:34 EST" duration-ms="2032">
      <class name="day63_JavaRecap.Quiz">
        <test-method signature="Test1()[pri:0, instance:day63_JavaRecap.Quiz@2357d90a]" started-at="2019-12-13T10:33:32 EST" name="Test1" finished-at="2019-12-13T10:33:34 EST" duration-ms="2009" status="PASS">
          <reporter-output>
          </reporter-output>
        </test-method> <!-- Test1 -->
      </class> <!-- day63_JavaRecap.Quiz -->
    </test> <!-- Default test -->
  </suite> <!-- Default suite -->
</testng-results>
